<?xml version="1.0" encoding="UTF-8"?>
<!-- Generated by org.testng.reporters.JUnitReportReporter -->
<testsuite hostname="CIPL-4PC30" failures="0" tests="1" name="com.mmt.testCases.FlighSearchTests" time="57.050" errors="0" timestamp="2023-04-25T16:10:44 IST" skipped="0">
  <testcase classname="com.mmt.testCases.FlighSearchTests" name="TC01_VerifyFlighBooking" time="57.050"/>
  <system-out/>
</testsuite> <!-- com.mmt.testCases.FlighSearchTests -->
